<?xml version="1.0" encoding="UTF-8"?>
<!-- Generated by org.testng.reporters.JUnitReportReporter -->
<testsuite hostname="DESKTOP-5RB1QFG" name="TestCases.ChangePWTestCases" tests="6" failures="0" timestamp="16 Aug 2017 17:03:21 GMT" time="41.140" errors="0">
  <testcase name="testCase171" time="7.482" classname="TestCases.ChangePWTestCases"/>
  <testcase name="testCase173" time="5.775" classname="TestCases.ChangePWTestCases"/>
  <testcase name="testCase175" time="7.908" classname="TestCases.ChangePWTestCases"/>
  <testcase name="testCase172" time="6.007" classname="TestCases.ChangePWTestCases"/>
  <testcase name="testCase176" time="8.214" classname="TestCases.ChangePWTestCases"/>
  <testcase name="testCase174" time="5.754" classname="TestCases.ChangePWTestCases"/>
</testsuite> <!-- TestCases.ChangePWTestCases -->
