<?xml version="1.0" encoding="UTF-8"?>
<!-- Generated by org.testng.reporters.JUnitReportReporter -->
<testsuite hostname="DESKTOP-5RB1QFG" name="TestCases.SupportVideosTestCases" tests="30" failures="0" timestamp="15 Aug 2017 16:47:44 GMT" time="197.570" errors="0">
  <testcase name="testCase182" time="5.701" classname="TestCases.SupportVideosTestCases"/>
  <testcase name="testCase185" time="6.991" classname="TestCases.SupportVideosTestCases"/>
  <testcase name="testCase205" time="6.856" classname="TestCases.SupportVideosTestCases"/>
  <testcase name="testCase196" time="6.399" classname="TestCases.SupportVideosTestCases"/>
  <testcase name="testCase207" time="5.677" classname="TestCases.SupportVideosTestCases"/>
  <testcase name="testCase181" time="5.597" classname="TestCases.SupportVideosTestCases"/>
  <testcase name="testCase200" time="6.624" classname="TestCases.SupportVideosTestCases"/>
  <testcase name="testCase198" time="6.490" classname="TestCases.SupportVideosTestCases"/>
  <testcase name="testCase189" time="7.013" classname="TestCases.SupportVideosTestCases"/>
  <testcase name="testCase183" time="6.749" classname="TestCases.SupportVideosTestCases"/>
  <testcase name="testCase186" time="6.425" classname="TestCases.SupportVideosTestCases"/>
  <testcase name="testCase179" time="5.802" classname="TestCases.SupportVideosTestCases"/>
  <testcase name="testCase201" time="6.661" classname="TestCases.SupportVideosTestCases"/>
  <testcase name="testCase178" time="7.705" classname="TestCases.SupportVideosTestCases"/>
  <testcase name="testCase199" time="6.911" classname="TestCases.SupportVideosTestCases"/>
  <testcase name="testCase206" time="6.436" classname="TestCases.SupportVideosTestCases"/>
  <testcase name="testCase197" time="7.095" classname="TestCases.SupportVideosTestCases"/>
  <testcase name="testCase190" time="6.593" classname="TestCases.SupportVideosTestCases"/>
  <testcase name="testCase195" time="6.922" classname="TestCases.SupportVideosTestCases"/>
  <testcase name="testCase188" time="6.508" classname="TestCases.SupportVideosTestCases"/>
  <testcase name="testCase193" time="6.905" classname="TestCases.SupportVideosTestCases"/>
  <testcase name="testCase194" time="7.167" classname="TestCases.SupportVideosTestCases"/>
  <testcase name="testCase192" time="6.648" classname="TestCases.SupportVideosTestCases"/>
  <testcase name="testCase180" time="5.691" classname="TestCases.SupportVideosTestCases"/>
  <testcase name="testCase191" time="6.933" classname="TestCases.SupportVideosTestCases"/>
  <testcase name="testCase184" time="6.662" classname="TestCases.SupportVideosTestCases"/>
  <testcase name="testCase202" time="6.614" classname="TestCases.SupportVideosTestCases"/>
  <testcase name="testCase203" time="6.422" classname="TestCases.SupportVideosTestCases"/>
  <testcase name="testCase187" time="6.944" classname="TestCases.SupportVideosTestCases"/>
  <testcase name="testCase204" time="6.429" classname="TestCases.SupportVideosTestCases"/>
</testsuite> <!-- TestCases.SupportVideosTestCases -->
