<?xml version="1.0" encoding="UTF-8"?>
<!-- Generated by org.testng.reporters.JUnitReportReporter -->
<testsuite hostname="DESKTOP-5RB1QFG" name="TestCases.LoginTestCases" tests="18" failures="0" timestamp="16 Aug 2017 17:03:21 GMT" time="79.820" errors="0">
  <testcase name="testCase004" time="2.741" classname="TestCases.LoginTestCases"/>
  <testcase name="testCase009" time="5.353" classname="TestCases.LoginTestCases"/>
  <testcase name="testCase012" time="2.758" classname="TestCases.LoginTestCases"/>
  <testcase name="testCase006" time="3.460" classname="TestCases.LoginTestCases"/>
  <testcase name="testCase003" time="5.923" classname="TestCases.LoginTestCases"/>
  <testcase name="testCase016" time="5.660" classname="TestCases.LoginTestCases"/>
  <testcase name="testCase001" time="3.926" classname="TestCases.LoginTestCases"/>
  <testcase name="testCase007" time="3.001" classname="TestCases.LoginTestCases"/>
  <testcase name="testCase005" time="2.950" classname="TestCases.LoginTestCases"/>
  <testcase name="testCase015" time="2.750" classname="TestCases.LoginTestCases"/>
  <testcase name="testCase008" time="3.096" classname="TestCases.LoginTestCases"/>
  <testcase name="testCase011" time="2.833" classname="TestCases.LoginTestCases"/>
  <testcase name="testCase013" time="5.065" classname="TestCases.LoginTestCases"/>
  <testcase name="testCase017" time="8.516" classname="TestCases.LoginTestCases"/>
  <testcase name="testCase002" time="3.117" classname="TestCases.LoginTestCases"/>
  <testcase name="testCase014" time="4.892" classname="TestCases.LoginTestCases"/>
  <testcase name="testCase010" time="5.592" classname="TestCases.LoginTestCases"/>
  <testcase name="testCase018" time="8.187" classname="TestCases.LoginTestCases"/>
</testsuite> <!-- TestCases.LoginTestCases -->
