<?xml version="1.0" encoding="UTF-8"?>
<!-- Generated by org.testng.reporters.JUnitReportReporter -->
<testsuite hostname="DESKTOP-5RB1QFG" name="TestCases.ProfileTestCases" tests="40" failures="0" timestamp="15 Aug 2017 16:47:44 GMT" time="245.298" errors="1">
  <testcase name="testCase235" time="5.928" classname="TestCases.ProfileTestCases"/>
  <testcase name="testCase210" time="5.949" classname="TestCases.ProfileTestCases"/>
  <testcase name="testCase222" time="6.139" classname="TestCases.ProfileTestCases"/>
  <testcase name="testCase229" time="6.032" classname="TestCases.ProfileTestCases"/>
  <testcase name="testCase232" time="6.071" classname="TestCases.ProfileTestCases"/>
  <testcase name="testCase236" time="6.118" classname="TestCases.ProfileTestCases"/>
  <testcase name="testCase231" time="6.350" classname="TestCases.ProfileTestCases"/>
  <testcase name="testCase216" time="5.735" classname="TestCases.ProfileTestCases"/>
  <testcase name="testCase219" time="5.760" classname="TestCases.ProfileTestCases"/>
  <testcase name="testCase211" time="6.059" classname="TestCases.ProfileTestCases"/>
  <testcase name="testCase224" time="6.147" classname="TestCases.ProfileTestCases"/>
  <testcase name="testCase243" time="5.991" classname="TestCases.ProfileTestCases"/>
  <testcase name="testCase209" time="6.314" classname="TestCases.ProfileTestCases"/>
  <testcase name="testCase215" time="6.801" classname="TestCases.ProfileTestCases"/>
  <testcase name="testCase244" time="5.974" classname="TestCases.ProfileTestCases"/>
  <testcase name="testCase242" time="6.040" classname="TestCases.ProfileTestCases"/>
  <testcase name="testCase228" time="6.089" classname="TestCases.ProfileTestCases"/>
  <testcase name="testCase223" time="6.479" classname="TestCases.ProfileTestCases"/>
  <testcase name="testCase213" time="6.038" classname="TestCases.ProfileTestCases">
    <error type="java.lang.AssertionError" message="Test FAILED">
      <![CDATA[java.lang.AssertionError: Test FAILED
	at org.testng.Assert.fail(Assert.java:94)
	at TestCases.ProfileTestCases.testCase213(ProfileTestCases.java:213)
	at sun.reflect.NativeMethodAccessorImpl.invoke0(Native Method)
	at sun.reflect.NativeMethodAccessorImpl.invoke(NativeMethodAccessorImpl.java:62)
	at sun.reflect.DelegatingMethodAccessorImpl.invoke(DelegatingMethodAccessorImpl.java:43)
	at java.lang.reflect.Method.invoke(Method.java:498)
	at org.testng.internal.MethodInvocationHelper.invokeMethod(MethodInvocationHelper.java:84)
	at org.testng.internal.Invoker.invokeMethod(Invoker.java:714)
	at org.testng.internal.Invoker.invokeTestMethod(Invoker.java:901)
	at org.testng.internal.Invoker.invokeTestMethods(Invoker.java:1231)
	at org.testng.internal.TestMethodWorker.invokeTestMethods(TestMethodWorker.java:127)
	at org.testng.internal.TestMethodWorker.run(TestMethodWorker.java:111)
	at org.testng.TestRunner.privateRun(TestRunner.java:767)
	at org.testng.TestRunner.run(TestRunner.java:617)
	at org.testng.SuiteRunner.runTest(SuiteRunner.java:334)
	at org.testng.SuiteRunner.runSequentially(SuiteRunner.java:329)
	at org.testng.SuiteRunner.privateRun(SuiteRunner.java:291)
	at org.testng.SuiteRunner.run(SuiteRunner.java:240)
	at org.testng.SuiteRunnerWorker.runSuite(SuiteRunnerWorker.java:52)
	at org.testng.SuiteRunnerWorker.run(SuiteRunnerWorker.java:86)
	at org.testng.TestNG.runSuitesSequentially(TestNG.java:1224)
	at org.testng.TestNG.runSuitesLocally(TestNG.java:1149)
	at org.testng.TestNG.run(TestNG.java:1057)
	at org.apache.maven.surefire.testng.TestNGExecutor.run(TestNGExecutor.java:283)
	at org.apache.maven.surefire.testng.TestNGXmlTestSuite.execute(TestNGXmlTestSuite.java:75)
	at org.apache.maven.surefire.testng.TestNGProvider.invoke(TestNGProvider.java:120)
	at org.apache.maven.surefire.booter.ForkedBooter.invokeProviderInSameClassLoader(ForkedBooter.java:386)
	at org.apache.maven.surefire.booter.ForkedBooter.runSuitesInProcess(ForkedBooter.java:323)
	at org.apache.maven.surefire.booter.ForkedBooter.main(ForkedBooter.java:143)
]]>
    </error>
  </testcase> <!-- testCase213 -->
  <testcase name="testCase227" time="6.044" classname="TestCases.ProfileTestCases"/>
  <testcase name="testCase217" time="5.785" classname="TestCases.ProfileTestCases"/>
  <testcase name="testCase208" time="7.394" classname="TestCases.ProfileTestCases"/>
  <testcase name="testCase240" time="6.700" classname="TestCases.ProfileTestCases"/>
  <testcase name="testCase238" time="5.924" classname="TestCases.ProfileTestCases"/>
  <testcase name="testCase246" time="6.087" classname="TestCases.ProfileTestCases"/>
  <testcase name="testCase220" time="6.682" classname="TestCases.ProfileTestCases"/>
  <testcase name="testCase218" time="5.975" classname="TestCases.ProfileTestCases"/>
  <testcase name="testCase245" time="5.861" classname="TestCases.ProfileTestCases"/>
  <testcase name="testCase239" time="6.036" classname="TestCases.ProfileTestCases"/>
  <testcase name="testCase237" time="5.910" classname="TestCases.ProfileTestCases"/>
  <testcase name="testCase226" time="6.076" classname="TestCases.ProfileTestCases"/>
  <testcase name="testCase230" time="6.043" classname="TestCases.ProfileTestCases"/>
  <testcase name="testCase214" time="5.929" classname="TestCases.ProfileTestCases"/>
  <testcase name="testCase225" time="6.166" classname="TestCases.ProfileTestCases"/>
  <testcase name="testCase234" time="6.087" classname="TestCases.ProfileTestCases"/>
  <testcase name="testCase248" time="6.071" classname="TestCases.ProfileTestCases"/>
  <testcase name="testCase247" time="6.429" classname="TestCases.ProfileTestCases"/>
  <testcase name="testCase221" time="6.150" classname="TestCases.ProfileTestCases"/>
  <testcase name="testCase233" time="6.192" classname="TestCases.ProfileTestCases"/>
  <testcase name="testCase241" time="5.743" classname="TestCases.ProfileTestCases"/>
</testsuite> <!-- TestCases.ProfileTestCases -->
