<?xml version="1.0" encoding="UTF-8"?>
<!-- Generated by org.testng.reporters.JUnitReportReporter -->
<testsuite hostname="DESKTOP-5RB1QFG" name="TestCases.HomePageTestCases" tests="19" failures="0" timestamp="15 Aug 2017 16:47:44 GMT" time="122.353" errors="0">
  <testcase name="testCase108" time="7.809" classname="TestCases.HomePageTestCases"/>
  <testcase name="testCase098" time="5.354" classname="TestCases.HomePageTestCases"/>
  <testcase name="testCase109" time="7.011" classname="TestCases.HomePageTestCases"/>
  <testcase name="testCase106" time="5.901" classname="TestCases.HomePageTestCases"/>
  <testcase name="testCase099" time="5.303" classname="TestCases.HomePageTestCases"/>
  <testcase name="testCase094" time="8.476" classname="TestCases.HomePageTestCases"/>
  <testcase name="testCase095" time="8.235" classname="TestCases.HomePageTestCases"/>
  <testcase name="testCase105" time="6.005" classname="TestCases.HomePageTestCases"/>
  <testcase name="testCase097" time="5.840" classname="TestCases.HomePageTestCases"/>
  <testcase name="testCase107" time="5.821" classname="TestCases.HomePageTestCases"/>
  <testcase name="testCase096" time="5.538" classname="TestCases.HomePageTestCases"/>
  <testcase name="testCase090" time="7.523" classname="TestCases.HomePageTestCases"/>
  <testcase name="testCase102" time="5.376" classname="TestCases.HomePageTestCases"/>
  <testcase name="testCase100" time="5.900" classname="TestCases.HomePageTestCases"/>
  <testcase name="testCase110" time="6.780" classname="TestCases.HomePageTestCases"/>
  <testcase name="testCase104" time="5.575" classname="TestCases.HomePageTestCases"/>
  <testcase name="testCase101" time="5.396" classname="TestCases.HomePageTestCases"/>
  <testcase name="testCase092" time="8.764" classname="TestCases.HomePageTestCases"/>
  <testcase name="testCase103" time="5.746" classname="TestCases.HomePageTestCases"/>
</testsuite> <!-- TestCases.HomePageTestCases -->
