<?xml version="1.0" encoding="UTF-8"?>
<!-- Generated by org.testng.reporters.JUnitReportReporter -->
<testsuite hostname="DESKTOP-5RB1QFG" name="TestCases.ClinicianTestCases" tests="40" failures="0" timestamp="15 Aug 2017 16:47:44 GMT" time="245.178" errors="1">
  <testcase name="testCase140" time="5.477" classname="TestCases.ClinicianTestCases"/>
  <testcase name="testCase155" time="5.613" classname="TestCases.ClinicianTestCases"/>
  <testcase name="testCase152" time="5.439" classname="TestCases.ClinicianTestCases"/>
  <testcase name="testCase147" time="5.577" classname="TestCases.ClinicianTestCases"/>
  <testcase name="testCase123" time="12.387" classname="TestCases.ClinicianTestCases">
    <error type="java.lang.AssertionError" message="Test FAILED">
      <![CDATA[java.lang.AssertionError: Test FAILED
	at org.testng.Assert.fail(Assert.java:94)
	at TestCases.ClinicianTestCases.testCase123(ClinicianTestCases.java:191)
	at sun.reflect.NativeMethodAccessorImpl.invoke0(Native Method)
	at sun.reflect.NativeMethodAccessorImpl.invoke(NativeMethodAccessorImpl.java:62)
	at sun.reflect.DelegatingMethodAccessorImpl.invoke(DelegatingMethodAccessorImpl.java:43)
	at java.lang.reflect.Method.invoke(Method.java:498)
	at org.testng.internal.MethodInvocationHelper.invokeMethod(MethodInvocationHelper.java:84)
	at org.testng.internal.Invoker.invokeMethod(Invoker.java:714)
	at org.testng.internal.Invoker.invokeTestMethod(Invoker.java:901)
	at org.testng.internal.Invoker.invokeTestMethods(Invoker.java:1231)
	at org.testng.internal.TestMethodWorker.invokeTestMethods(TestMethodWorker.java:127)
	at org.testng.internal.TestMethodWorker.run(TestMethodWorker.java:111)
	at org.testng.TestRunner.privateRun(TestRunner.java:767)
	at org.testng.TestRunner.run(TestRunner.java:617)
	at org.testng.SuiteRunner.runTest(SuiteRunner.java:334)
	at org.testng.SuiteRunner.runSequentially(SuiteRunner.java:329)
	at org.testng.SuiteRunner.privateRun(SuiteRunner.java:291)
	at org.testng.SuiteRunner.run(SuiteRunner.java:240)
	at org.testng.SuiteRunnerWorker.runSuite(SuiteRunnerWorker.java:52)
	at org.testng.SuiteRunnerWorker.run(SuiteRunnerWorker.java:86)
	at org.testng.TestNG.runSuitesSequentially(TestNG.java:1224)
	at org.testng.TestNG.runSuitesLocally(TestNG.java:1149)
	at org.testng.TestNG.run(TestNG.java:1057)
	at org.apache.maven.surefire.testng.TestNGExecutor.run(TestNGExecutor.java:283)
	at org.apache.maven.surefire.testng.TestNGXmlTestSuite.execute(TestNGXmlTestSuite.java:75)
	at org.apache.maven.surefire.testng.TestNGProvider.invoke(TestNGProvider.java:120)
	at org.apache.maven.surefire.booter.ForkedBooter.invokeProviderInSameClassLoader(ForkedBooter.java:386)
	at org.apache.maven.surefire.booter.ForkedBooter.runSuitesInProcess(ForkedBooter.java:323)
	at org.apache.maven.surefire.booter.ForkedBooter.main(ForkedBooter.java:143)
]]>
    </error>
  </testcase> <!-- testCase123 -->
  <testcase name="testCase144" time="5.383" classname="TestCases.ClinicianTestCases"/>
  <testcase name="testCase150" time="5.431" classname="TestCases.ClinicianTestCases"/>
  <testcase name="testCase131" time="5.335" classname="TestCases.ClinicianTestCases"/>
  <testcase name="testCase151" time="5.506" classname="TestCases.ClinicianTestCases"/>
  <testcase name="testCase148" time="6.203" classname="TestCases.ClinicianTestCases"/>
  <testcase name="testCase137" time="5.402" classname="TestCases.ClinicianTestCases"/>
  <testcase name="testCase143" time="5.447" classname="TestCases.ClinicianTestCases"/>
  <testcase name="testCase133" time="5.574" classname="TestCases.ClinicianTestCases"/>
  <testcase name="testCase153" time="5.708" classname="TestCases.ClinicianTestCases"/>
  <testcase name="testCase156" time="5.585" classname="TestCases.ClinicianTestCases"/>
  <testcase name="testCase141" time="5.936" classname="TestCases.ClinicianTestCases"/>
  <testcase name="testCase138" time="5.467" classname="TestCases.ClinicianTestCases"/>
  <testcase name="testCase158" time="5.533" classname="TestCases.ClinicianTestCases"/>
  <testcase name="testCase130" time="5.566" classname="TestCases.ClinicianTestCases"/>
  <testcase name="testCase157" time="5.469" classname="TestCases.ClinicianTestCases"/>
  <testcase name="testCase127" time="7.972" classname="TestCases.ClinicianTestCases"/>
  <testcase name="testCase134" time="5.726" classname="TestCases.ClinicianTestCases"/>
  <testcase name="testCase126" time="8.009" classname="TestCases.ClinicianTestCases"/>
  <testcase name="testCase145" time="5.512" classname="TestCases.ClinicianTestCases"/>
  <testcase name="testCase124" time="8.001" classname="TestCases.ClinicianTestCases"/>
  <testcase name="testCase119" time="7.154" classname="TestCases.ClinicianTestCases"/>
  <testcase name="testCase135" time="5.514" classname="TestCases.ClinicianTestCases"/>
  <testcase name="testCase129" time="5.815" classname="TestCases.ClinicianTestCases"/>
  <testcase name="testCase132" time="5.935" classname="TestCases.ClinicianTestCases"/>
  <testcase name="testCase122" time="5.465" classname="TestCases.ClinicianTestCases"/>
  <testcase name="testCase146" time="5.479" classname="TestCases.ClinicianTestCases"/>
  <testcase name="testCase128" time="7.938" classname="TestCases.ClinicianTestCases"/>
  <testcase name="testCase136" time="6.960" classname="TestCases.ClinicianTestCases"/>
  <testcase name="testCase149" time="6.338" classname="TestCases.ClinicianTestCases"/>
  <testcase name="testCase125" time="7.618" classname="TestCases.ClinicianTestCases"/>
  <testcase name="testCase139" time="5.408" classname="TestCases.ClinicianTestCases"/>
  <testcase name="testCase142" time="5.412" classname="TestCases.ClinicianTestCases"/>
  <testcase name="testCase121" time="5.608" classname="TestCases.ClinicianTestCases"/>
  <testcase name="testCase154" time="5.595" classname="TestCases.ClinicianTestCases"/>
  <testcase name="testCase120" time="5.681" classname="TestCases.ClinicianTestCases"/>
</testsuite> <!-- TestCases.ClinicianTestCases -->
