<?xml version="1.0" encoding="UTF-8"?>
<!-- Generated by org.testng.reporters.JUnitReportReporter -->
<testsuite hostname="DESKTOP-5RB1QFG" name="TestCases.ChangePWTestCases" tests="6" failures="0" timestamp="15 Aug 2017 16:47:44 GMT" time="40.458" errors="0">
  <testcase name="testCase173" time="5.746" classname="TestCases.ChangePWTestCases"/>
  <testcase name="testCase174" time="5.592" classname="TestCases.ChangePWTestCases"/>
  <testcase name="testCase172" time="5.976" classname="TestCases.ChangePWTestCases"/>
  <testcase name="testCase171" time="7.382" classname="TestCases.ChangePWTestCases"/>
  <testcase name="testCase176" time="7.935" classname="TestCases.ChangePWTestCases"/>
  <testcase name="testCase175" time="7.827" classname="TestCases.ChangePWTestCases"/>
</testsuite> <!-- TestCases.ChangePWTestCases -->
