<?xml version="1.0" encoding="UTF-8"?>
<!-- Generated by org.testng.reporters.JUnitReportReporter -->
<testsuite hostname="DESKTOP-5RB1QFG" name="TestCases.SupportVideosTestCases" tests="30" failures="0" timestamp="16 Aug 2017 17:03:21 GMT" time="195.449" errors="0">
  <testcase name="testCase189" time="6.918" classname="TestCases.SupportVideosTestCases"/>
  <testcase name="testCase207" time="5.859" classname="TestCases.SupportVideosTestCases"/>
  <testcase name="testCase190" time="7.127" classname="TestCases.SupportVideosTestCases"/>
  <testcase name="testCase178" time="7.301" classname="TestCases.SupportVideosTestCases"/>
  <testcase name="testCase204" time="6.433" classname="TestCases.SupportVideosTestCases"/>
  <testcase name="testCase183" time="6.546" classname="TestCases.SupportVideosTestCases"/>
  <testcase name="testCase198" time="6.322" classname="TestCases.SupportVideosTestCases"/>
  <testcase name="testCase199" time="6.653" classname="TestCases.SupportVideosTestCases"/>
  <testcase name="testCase194" time="6.441" classname="TestCases.SupportVideosTestCases"/>
  <testcase name="testCase203" time="6.602" classname="TestCases.SupportVideosTestCases"/>
  <testcase name="testCase201" time="6.799" classname="TestCases.SupportVideosTestCases"/>
  <testcase name="testCase179" time="5.840" classname="TestCases.SupportVideosTestCases"/>
  <testcase name="testCase182" time="5.459" classname="TestCases.SupportVideosTestCases"/>
  <testcase name="testCase197" time="7.079" classname="TestCases.SupportVideosTestCases"/>
  <testcase name="testCase206" time="6.523" classname="TestCases.SupportVideosTestCases"/>
  <testcase name="testCase185" time="7.579" classname="TestCases.SupportVideosTestCases"/>
  <testcase name="testCase181" time="5.436" classname="TestCases.SupportVideosTestCases"/>
  <testcase name="testCase184" time="7.239" classname="TestCases.SupportVideosTestCases"/>
  <testcase name="testCase200" time="6.379" classname="TestCases.SupportVideosTestCases"/>
  <testcase name="testCase202" time="6.432" classname="TestCases.SupportVideosTestCases"/>
  <testcase name="testCase180" time="5.931" classname="TestCases.SupportVideosTestCases"/>
  <testcase name="testCase192" time="6.319" classname="TestCases.SupportVideosTestCases"/>
  <testcase name="testCase187" time="6.675" classname="TestCases.SupportVideosTestCases"/>
  <testcase name="testCase186" time="6.397" classname="TestCases.SupportVideosTestCases"/>
  <testcase name="testCase193" time="6.333" classname="TestCases.SupportVideosTestCases"/>
  <testcase name="testCase191" time="6.728" classname="TestCases.SupportVideosTestCases"/>
  <testcase name="testCase196" time="6.370" classname="TestCases.SupportVideosTestCases"/>
  <testcase name="testCase205" time="6.589" classname="TestCases.SupportVideosTestCases"/>
  <testcase name="testCase195" time="6.775" classname="TestCases.SupportVideosTestCases"/>
  <testcase name="testCase188" time="6.365" classname="TestCases.SupportVideosTestCases"/>
</testsuite> <!-- TestCases.SupportVideosTestCases -->
