<?xml version="1.0" encoding="UTF-8"?>
<!-- Generated by org.testng.reporters.JUnitReportReporter -->
<testsuite hostname="DESKTOP-5RB1QFG" name="TestCases.NavBarFooterTestCases" tests="12" failures="0" timestamp="16 Aug 2017 17:03:21 GMT" time="68.621" errors="0">
  <testcase name="testCase163" time="6.154" classname="TestCases.NavBarFooterTestCases"/>
  <testcase name="testCase159" time="7.275" classname="TestCases.NavBarFooterTestCases"/>
  <testcase name="testCase166" time="5.694" classname="TestCases.NavBarFooterTestCases"/>
  <testcase name="testCase162" time="5.330" classname="TestCases.NavBarFooterTestCases"/>
  <testcase name="testCase167" time="5.722" classname="TestCases.NavBarFooterTestCases"/>
  <testcase name="testCase170" time="6.326" classname="TestCases.NavBarFooterTestCases"/>
  <testcase name="testCase160" time="5.596" classname="TestCases.NavBarFooterTestCases"/>
  <testcase name="testCase169" time="5.294" classname="TestCases.NavBarFooterTestCases"/>
  <testcase name="testCase165" time="5.276" classname="TestCases.NavBarFooterTestCases"/>
  <testcase name="testCase168" time="5.276" classname="TestCases.NavBarFooterTestCases"/>
  <testcase name="testCase161" time="5.404" classname="TestCases.NavBarFooterTestCases"/>
  <testcase name="testCase164" time="5.274" classname="TestCases.NavBarFooterTestCases"/>
</testsuite> <!-- TestCases.NavBarFooterTestCases -->
