<?xml version="1.0" encoding="UTF-8"?>
<!-- Generated by org.testng.reporters.JUnitReportReporter -->
<testsuite hostname="DESKTOP-5RB1QFG" name="TestCases.NavBarFooterTestCases" tests="12" failures="0" timestamp="15 Aug 2017 16:47:44 GMT" time="68.431" errors="0">
  <testcase name="testCase168" time="5.371" classname="TestCases.NavBarFooterTestCases"/>
  <testcase name="testCase167" time="5.369" classname="TestCases.NavBarFooterTestCases"/>
  <testcase name="testCase161" time="5.482" classname="TestCases.NavBarFooterTestCases"/>
  <testcase name="testCase169" time="5.348" classname="TestCases.NavBarFooterTestCases"/>
  <testcase name="testCase165" time="5.349" classname="TestCases.NavBarFooterTestCases"/>
  <testcase name="testCase166" time="5.952" classname="TestCases.NavBarFooterTestCases"/>
  <testcase name="testCase159" time="6.773" classname="TestCases.NavBarFooterTestCases"/>
  <testcase name="testCase163" time="5.372" classname="TestCases.NavBarFooterTestCases"/>
  <testcase name="testCase160" time="5.610" classname="TestCases.NavBarFooterTestCases"/>
  <testcase name="testCase162" time="5.349" classname="TestCases.NavBarFooterTestCases"/>
  <testcase name="testCase170" time="6.617" classname="TestCases.NavBarFooterTestCases"/>
  <testcase name="testCase164" time="5.839" classname="TestCases.NavBarFooterTestCases"/>
</testsuite> <!-- TestCases.NavBarFooterTestCases -->
